<?xml version="1.0" encoding="UTF-8"?>
<testsuite xmlns:xsi="http://www.w3.org/2001/XMLSchema-instance" xsi:noNamespaceSchemaLocation="https://maven.apache.org/surefire/maven-surefire-plugin/xsd/surefire-test-report-3.0.xsd" version="3.0" name="com.udacity.webcrawler.ParallelWebCrawlerTest" time="0.009" tests="1" errors="0" skipped="0" failures="0">
  <properties>
    <property name="java.specification.version" value="15"/>
    <property name="sun.jnu.encoding" value="UTF-8"/>
    <property name="java.class.path" value="/Users/kkahraman/Kaan/Udacity/Projects/nd079-c2-advanced-java-programming-techniques-projectstarter-master/starter/webcrawler/target/test-classes:/Users/kkahraman/Kaan/Udacity/Projects/nd079-c2-advanced-java-programming-techniques-projectstarter-master/starter/webcrawler/target/classes:/Users/kkahraman/.m2/repository/com/google/inject/guice/4.2.3/guice-4.2.3.jar:/Users/kkahraman/.m2/repository/aopalliance/aopalliance/1.0/aopalliance-1.0.jar:/Users/kkahraman/.m2/repository/com/google/guava/guava/27.1-jre/guava-27.1-jre.jar:/Users/kkahraman/.m2/repository/com/google/guava/failureaccess/1.0.1/failureaccess-1.0.1.jar:/Users/kkahraman/.m2/repository/com/google/guava/listenablefuture/9999.0-empty-to-avoid-conflict-with-guava/listenablefuture-9999.0-empty-to-avoid-conflict-with-guava.jar:/Users/kkahraman/.m2/repository/com/google/code/findbugs/jsr305/3.0.2/jsr305-3.0.2.jar:/Users/kkahraman/.m2/repository/org/checkerframework/checker-qual/2.5.2/checker-qual-2.5.2.jar:/Users/kkahraman/.m2/repository/com/google/j2objc/j2objc-annotations/1.1/j2objc-annotations-1.1.jar:/Users/kkahraman/.m2/repository/org/codehaus/mojo/animal-sniffer-annotations/1.17/animal-sniffer-annotations-1.17.jar:/Users/kkahraman/.m2/repository/javax/inject/javax.inject/1/javax.inject-1.jar:/Users/kkahraman/.m2/repository/com/fasterxml/jackson/core/jackson-core/2.11.2/jackson-core-2.11.2.jar:/Users/kkahraman/.m2/repository/com/fasterxml/jackson/core/jackson-databind/2.11.2/jackson-databind-2.11.2.jar:/Users/kkahraman/.m2/repository/com/fasterxml/jackson/core/jackson-annotations/2.11.2/jackson-annotations-2.11.2.jar:/Users/kkahraman/.m2/repository/org/jsoup/jsoup/1.13.1/jsoup-1.13.1.jar:/Users/kkahraman/.m2/repository/com/google/truth/truth/1.0.1/truth-1.0.1.jar:/Users/kkahraman/.m2/repository/org/checkerframework/checker-compat-qual/2.5.5/checker-compat-qual-2.5.5.jar:/Users/kkahraman/.m2/repository/junit/junit/4.12/junit-4.12.jar:/Users/kkahraman/.m2/repository/org/hamcrest/hamcrest-core/1.3/hamcrest-core-1.3.jar:/Users/kkahraman/.m2/repository/com/googlecode/java-diff-utils/diffutils/1.3.0/diffutils-1.3.0.jar:/Users/kkahraman/.m2/repository/com/google/auto/value/auto-value-annotations/1.6.3/auto-value-annotations-1.6.3.jar:/Users/kkahraman/.m2/repository/com/google/errorprone/error_prone_annotations/2.3.3/error_prone_annotations-2.3.3.jar:/Users/kkahraman/.m2/repository/org/junit/jupiter/junit-jupiter/5.6.2/junit-jupiter-5.6.2.jar:/Users/kkahraman/.m2/repository/org/junit/jupiter/junit-jupiter-api/5.6.2/junit-jupiter-api-5.6.2.jar:/Users/kkahraman/.m2/repository/org/apiguardian/apiguardian-api/1.1.0/apiguardian-api-1.1.0.jar:/Users/kkahraman/.m2/repository/org/opentest4j/opentest4j/1.2.0/opentest4j-1.2.0.jar:/Users/kkahraman/.m2/repository/org/junit/platform/junit-platform-commons/1.6.2/junit-platform-commons-1.6.2.jar:/Users/kkahraman/.m2/repository/org/junit/jupiter/junit-jupiter-params/5.6.2/junit-jupiter-params-5.6.2.jar:/Users/kkahraman/.m2/repository/org/junit/jupiter/junit-jupiter-engine/5.6.2/junit-jupiter-engine-5.6.2.jar:/Users/kkahraman/.m2/repository/org/junit/platform/junit-platform-engine/1.6.2/junit-platform-engine-1.6.2.jar:"/>
    <property name="java.vm.vendor" value="Oracle Corporation"/>
    <property name="sun.arch.data.model" value="64"/>
    <property name="testDataDir" value="/Users/kkahraman/Kaan/Udacity/Projects/nd079-c2-advanced-java-programming-techniques-projectstarter-master/starter/webcrawler/src/test/data"/>
    <property name="java.vendor.url" value="https://java.oracle.com/"/>
    <property name="os.name" value="Mac OS X"/>
    <property name="java.vm.specification.version" value="15"/>
    <property name="crawlerImplementations" value="com.udacity.webcrawler.SequentialWebCrawler&#10;                                com.udacity.webcrawler.ParallelWebCrawler"/>
    <property name="sun.java.launcher" value="SUN_STANDARD"/>
    <property name="user.country" value="TR"/>
    <property name="sun.boot.library.path" value="/Users/kkahraman/Library/Java/JavaVirtualMachines/openjdk-15.0.2/Contents/Home/lib"/>
    <property name="sun.java.command" value="/Users/kkahraman/Kaan/Udacity/Projects/nd079-c2-advanced-java-programming-techniques-projectstarter-master/starter/webcrawler/target/surefire/surefirebooter7835941022534152809.jar /Users/kkahraman/Kaan/Udacity/Projects/nd079-c2-advanced-java-programming-techniques-projectstarter-master/starter/webcrawler/target/surefire 2021-06-13T16-04-31_792-jvmRun1 surefire4733347482881847010tmp surefire_016844450512418519169tmp"/>
    <property name="http.nonProxyHosts" value="local|*.local|169.254/16|*.169.254/16"/>
    <property name="jdk.debug" value="release"/>
    <property name="surefire.test.class.path" value="/Users/kkahraman/Kaan/Udacity/Projects/nd079-c2-advanced-java-programming-techniques-projectstarter-master/starter/webcrawler/target/test-classes:/Users/kkahraman/Kaan/Udacity/Projects/nd079-c2-advanced-java-programming-techniques-projectstarter-master/starter/webcrawler/target/classes:/Users/kkahraman/.m2/repository/com/google/inject/guice/4.2.3/guice-4.2.3.jar:/Users/kkahraman/.m2/repository/aopalliance/aopalliance/1.0/aopalliance-1.0.jar:/Users/kkahraman/.m2/repository/com/google/guava/guava/27.1-jre/guava-27.1-jre.jar:/Users/kkahraman/.m2/repository/com/google/guava/failureaccess/1.0.1/failureaccess-1.0.1.jar:/Users/kkahraman/.m2/repository/com/google/guava/listenablefuture/9999.0-empty-to-avoid-conflict-with-guava/listenablefuture-9999.0-empty-to-avoid-conflict-with-guava.jar:/Users/kkahraman/.m2/repository/com/google/code/findbugs/jsr305/3.0.2/jsr305-3.0.2.jar:/Users/kkahraman/.m2/repository/org/checkerframework/checker-qual/2.5.2/checker-qual-2.5.2.jar:/Users/kkahraman/.m2/repository/com/google/j2objc/j2objc-annotations/1.1/j2objc-annotations-1.1.jar:/Users/kkahraman/.m2/repository/org/codehaus/mojo/animal-sniffer-annotations/1.17/animal-sniffer-annotations-1.17.jar:/Users/kkahraman/.m2/repository/javax/inject/javax.inject/1/javax.inject-1.jar:/Users/kkahraman/.m2/repository/com/fasterxml/jackson/core/jackson-core/2.11.2/jackson-core-2.11.2.jar:/Users/kkahraman/.m2/repository/com/fasterxml/jackson/core/jackson-databind/2.11.2/jackson-databind-2.11.2.jar:/Users/kkahraman/.m2/repository/com/fasterxml/jackson/core/jackson-annotations/2.11.2/jackson-annotations-2.11.2.jar:/Users/kkahraman/.m2/repository/org/jsoup/jsoup/1.13.1/jsoup-1.13.1.jar:/Users/kkahraman/.m2/repository/com/google/truth/truth/1.0.1/truth-1.0.1.jar:/Users/kkahraman/.m2/repository/org/checkerframework/checker-compat-qual/2.5.5/checker-compat-qual-2.5.5.jar:/Users/kkahraman/.m2/repository/junit/junit/4.12/junit-4.12.jar:/Users/kkahraman/.m2/repository/org/hamcrest/hamcrest-core/1.3/hamcrest-core-1.3.jar:/Users/kkahraman/.m2/repository/com/googlecode/java-diff-utils/diffutils/1.3.0/diffutils-1.3.0.jar:/Users/kkahraman/.m2/repository/com/google/auto/value/auto-value-annotations/1.6.3/auto-value-annotations-1.6.3.jar:/Users/kkahraman/.m2/repository/com/google/errorprone/error_prone_annotations/2.3.3/error_prone_annotations-2.3.3.jar:/Users/kkahraman/.m2/repository/org/junit/jupiter/junit-jupiter/5.6.2/junit-jupiter-5.6.2.jar:/Users/kkahraman/.m2/repository/org/junit/jupiter/junit-jupiter-api/5.6.2/junit-jupiter-api-5.6.2.jar:/Users/kkahraman/.m2/repository/org/apiguardian/apiguardian-api/1.1.0/apiguardian-api-1.1.0.jar:/Users/kkahraman/.m2/repository/org/opentest4j/opentest4j/1.2.0/opentest4j-1.2.0.jar:/Users/kkahraman/.m2/repository/org/junit/platform/junit-platform-commons/1.6.2/junit-platform-commons-1.6.2.jar:/Users/kkahraman/.m2/repository/org/junit/jupiter/junit-jupiter-params/5.6.2/junit-jupiter-params-5.6.2.jar:/Users/kkahraman/.m2/repository/org/junit/jupiter/junit-jupiter-engine/5.6.2/junit-jupiter-engine-5.6.2.jar:/Users/kkahraman/.m2/repository/org/junit/platform/junit-platform-engine/1.6.2/junit-platform-engine-1.6.2.jar:"/>
    <property name="sun.cpu.endian" value="little"/>
    <property name="user.home" value="/Users/kkahraman"/>
    <property name="user.language" value="en"/>
    <property name="java.specification.vendor" value="Oracle Corporation"/>
    <property name="java.version.date" value="2021-01-19"/>
    <property name="java.home" value="/Users/kkahraman/Library/Java/JavaVirtualMachines/openjdk-15.0.2/Contents/Home"/>
    <property name="file.separator" value="/"/>
    <property name="basedir" value="/Users/kkahraman/Kaan/Udacity/Projects/nd079-c2-advanced-java-programming-techniques-projectstarter-master/starter/webcrawler"/>
    <property name="java.vm.compressedOopsMode" value="Zero based"/>
    <property name="line.separator" value="&#10;"/>
    <property name="java.specification.name" value="Java Platform API Specification"/>
    <property name="java.vm.specification.vendor" value="Oracle Corporation"/>
    <property name="surefire.real.class.path" value="/Users/kkahraman/Kaan/Udacity/Projects/nd079-c2-advanced-java-programming-techniques-projectstarter-master/starter/webcrawler/target/surefire/surefirebooter7835941022534152809.jar"/>
    <property name="sun.management.compiler" value="HotSpot 64-Bit Tiered Compilers"/>
    <property name="ftp.nonProxyHosts" value="local|*.local|169.254/16|*.169.254/16"/>
    <property name="java.runtime.version" value="15.0.2+7-27"/>
    <property name="user.name" value="kkahraman"/>
    <property name="path.separator" value=":"/>
    <property name="os.version" value="10.16"/>
    <property name="java.runtime.name" value="OpenJDK Runtime Environment"/>
    <property name="file.encoding" value="UTF-8"/>
    <property name="java.vm.name" value="OpenJDK 64-Bit Server VM"/>
    <property name="localRepository" value="/Users/kkahraman/.m2/repository"/>
    <property name="java.vendor.url.bug" value="https://bugreport.java.com/bugreport/"/>
    <property name="java.io.tmpdir" value="/var/folders/3x/zzg1xq3n1pj1prnxls7p6mcc0000gn/T/"/>
    <property name="java.version" value="15.0.2"/>
    <property name="user.dir" value="/Users/kkahraman/Kaan/Udacity/Projects/nd079-c2-advanced-java-programming-techniques-projectstarter-master/starter/webcrawler"/>
    <property name="os.arch" value="x86_64"/>
    <property name="java.vm.specification.name" value="Java Virtual Machine Specification"/>
    <property name="java.library.path" value="/Users/kkahraman/Library/Java/Extensions:/Library/Java/Extensions:/Network/Library/Java/Extensions:/System/Library/Java/Extensions:/usr/lib/java:."/>
    <property name="java.vm.info" value="mixed mode, sharing"/>
    <property name="java.vendor" value="Oracle Corporation"/>
    <property name="java.vm.version" value="15.0.2+7-27"/>
    <property name="sun.io.unicode.encoding" value="UnicodeBig"/>
    <property name="socksNonProxyHosts" value="local|*.local|169.254/16|*.169.254/16"/>
    <property name="java.class.version" value="59.0"/>
  </properties>
  <testcase name="testMaxParallelism" classname="com.udacity.webcrawler.ParallelWebCrawlerTest" time="0.008"/>
</testsuite>